#                      NAME: SC3_PSA
#                    FAMILY: SC3
#                 DIRECTORY: SC3_PSA_Calibration_Tool/SC3_PSA_43_3
#                  CUSTOMER: PSA
#                 UNIT TYPE: CP4
#         ALGORITHM VERSION: SC3_PSA_43_3
#               ECU VERSION: 43_3
#                     NOTES: LISA_2.6.0.1   ALIS_2.0.0.1   AROSA_3.3.2.0   RITA_2.2.0.0   PETRA_6.0.1.0
#                      PLAN: 
#              HISTORY FILE: History.rtf
#       PRECISION FREQUENCY: 10000
#   Simulink Workspace Load: 
#            Simulink Model: 
	/Project
		Name:                      966_2024_SC3_PSA_43_3
		Customer:                  PSA
		Unit Type:                 CP4
		Writable:                  0
		Symbols:                   Projects/Units/SC3/SC3_PSA_Calibration_Tool/SC3_PSA_43_3/SC3_PSA Symbols.cfg
		Unit:                      Projects/Units/SC3/SC3_PSA_Calibration_Tool/SC3_PSA_43_3/SC3_PSA Unit.cfg
		Vehicle:                   Projects/Units/SC3/SC3_PSA_Calibration_Tool/SC3_PSA_43_3/SC3_PSA Vehicle.vcl
		Algorithm:                 Projects/Units/SC3/SC3_PSA_Calibration_Tool/SC3_PSA_43_3/SC3_PSA Algorithm.cfg
		Calibration:               Projects/Units/SC3/SC3_PSA_Calibration_Tool/SC3_PSA_43_3/SC3_PSA Calibration.cfg
		Preprocessing:             Projects/Units/SC3/SC3_PSA_Calibration_Tool/SC3_PSA_43_3/SC3_PSA Reference Preprocessing.prp
		Drift Studies:             Projects/Units/SC3/SC3_PSA_Calibration_Tool/SC3_PSA_43_3/SC3_PSA Drifts Studies.cfg
		Channel Mapping:           Projects/Units/SC3/SC3_PSA_Calibration_Tool/SC3_PSA_43_3/SC3_PSA Channel Mapping.cfg
		Executable File:           Projects/Units/SC3/SC3_PSA_Calibration_Tool/SC3_PSA_43_3/SC3_PSA.ecu
	\Project

