#                      NAME: SC3_STLA
#                    FAMILY: SC3
#                 DIRECTORY: SC3_PSA_Calibration_Tool/SC3_STLA_10_0
#                  CUSTOMER: STLA
#                 UNIT TYPE: PSA
#         ALGORITHM VERSION: SC3_STLA_10_0
#               ECU VERSION: 10_0
#                     NOTES: LISA_2.6.0.2   ALIS_2.0.0.1   AROSA_3.3.2.0   RITA_2.2.0.0   PETRA_6.0.1.1   EPD_2.0   DM_2.0
#                      PLAN: 
#              HISTORY FILE: History.rtf
#       PRECISION FREQUENCY: 10000
#   Simulink Workspace Load: 
#            Simulink Model: 
	/Project
		Name:                      K0_NA_2025_SC3_STLA_10_0
		Customer:                  STLA
		Unit Type:                 PSA
		Writable:                  0
		Symbols:                   Projects/Units/SC3/SC3_PSA_Calibration_Tool/SC3_STLA_10_0/SC3_STLA Symbols.cfg
		Unit:                      Projects/Units/SC3/SC3_PSA_Calibration_Tool/SC3_STLA_10_0/SC3_STLA Digital Unit.cfg
		Vehicle:                   Projects/Units/SC3/SC3_PSA_Calibration_Tool/SC3_STLA_10_0/SC3_STLA Digital Vehicle.vcl
		Algorithm:                 Projects/Units/SC3/SC3_PSA_Calibration_Tool/SC3_STLA_10_0/SC3_STLA Algorithm.cfg
		Calibration:               Projects/Units/SC3/SC3_PSA_Calibration_Tool/SC3_STLA_10_0/SC3_STLA Calibration.cfg
		Preprocessing:             Projects/Units/SC3/SC3_PSA_Calibration_Tool/SC3_STLA_10_0/SC3_STLA Digital Preprocessing.prp
		Drift Studies:             Projects/Units/SC3/SC3_PSA_Calibration_Tool/SC3_STLA_10_0/SC3_STLA Drifts Studies.cfg
		Channel Mapping:           Projects/Units/SC3/SC3_PSA_Calibration_Tool/SC3_STLA_10_0/SC3_STLA Digital Channel Mapping.cfg
		Executable File:           Projects/Units/SC3/SC3_PSA_Calibration_Tool/SC3_STLA_10_0/SC3_STLA.ecu
	\Project

