{
    "R_SM_START_CENTRAL_X_ACC_THR": 192,
    "R_SM_RESET_CENTRAL_X_ACC_THR": 191,
    "R_SM_RESET_WEAK_TIME": 30,
    "R_SM_RESET_HARD_TIME": 250,
    "R_SM_RESET_HARD_TIME_EXTENSION": 50,
    "R_SM_RESET_VELOCITY_THR": 10874,
    "R_SM_RESET_VELOCITY_START": 100,
    "R_SM_RESET_VELOCITY_BIAS": 96,
    "R_CentX_Acc_PassThru_bitword": 7,
    "R_CENTRAL_X_DV_BIAS": 64,
    "R_CentX_DV_Window_Thr1": 4294967295,
    "R_CentX_DV_Window_Thr2": 36,
    "R_CentX_DV_Window_Thr3": 4294967295,
    "R_CentX_DV_Window_Thr4": 4294967295,
    "R_CentX_Acc_Thr1_ThrClass0": 32767,
    "R_CentX_Acc_Thr2_ThrClass0": 32767,
    "R_CentX_Acc_Thr3_ThrClass0": 32767,
    "R_CentX_Acc_Thr4_ThrClass0": 32767,
    "R_CentX_Acc_Thr1_ThrClass1": 32767,
    "R_CentX_Acc_Thr2_ThrClass1": 32767,
    "R_CentX_Acc_Thr3_ThrClass1": 32767,
    "R_CentX_Acc_Thr4_ThrClass1": 32767,
    "R_CentX_Acc_Thr1_ThrClass2": 32767,
    "R_CentX_Acc_Thr2_ThrClass2": 32767,
    "R_CentX_Acc_Thr3_ThrClass2": 32767,
    "R_CentX_Acc_Thr4_ThrClass2": 32767,
    "R_CentX_DV_Thr1_ThrClass0": 8880,
    "R_CentX_DV_Thr2_ThrClass0": 18847,
    "R_CentX_DV_Thr3_ThrClass0": 22834,
    "R_CentX_DV_Thr4_ThrClass0": 2147483647,
    "R_CentX_DV_Thr1_ThrClass1": 2147483647,
    "R_CentX_DV_Thr2_ThrClass1": 2147483647,
    "R_CentX_DV_Thr3_ThrClass1": 2147483647,
    "R_CentX_DV_Thr4_ThrClass1": 2147483647,
    "R_CentX_DV_Thr1_ThrClass2": 2147483647,
    "R_CentX_DV_Thr2_ThrClass2": 2147483647,
    "R_CentX_DV_Thr3_ThrClass2": 2147483647,
    "R_CentX_DV_Thr4_ThrClass2": 2147483647,
    "R_CentX_Acc_Thr1_bitword": 7,
    "R_CentX_Acc_Thr2_bitword": 7,
    "R_CentX_Acc_Thr3_bitword": 7,
    "R_CentX_Acc_Thr4_bitword": 7,
    "R_CentX_DV_Thr1_bitword": 1,
    "R_CentX_DV_Thr2_bitword": 2,
    "R_CentX_DV_Thr3_bitword": 4,
    "R_Select_MAX_RSU_X_or_RSU1_X_Acc_DV": 1,
    "R_RSU_X_Acc_PassThru_bitword": 7,
    "R_SIC_DV_BUFFER_LENGTH": 10,
    "R_RSU_X_DV_BIAS": 64,
    "R_RSU_X_DV_PassThru_bitword": 7,
    "R_RSU_X_Acc_Thr1_ThrClass0": 32767,
    "R_RSU_X_Acc_Thr2_ThrClass0": 32767,
    "R_RSU_X_Acc_Thr1_ThrClass1": 32767,
    "R_RSU_X_Acc_Thr2_ThrClass1": 32767,
    "R_RSU_X_Acc_Thr1_ThrClass2": 32767,
    "R_RSU_X_Acc_Thr2_ThrClass2": 32767,
    "R_RSU_X_DV_Thr1_ThrClass0": 2147483647,
    "R_RSU_X_DV_Thr2_ThrClass0": 2147483647,
    "R_RSU_X_DV_Thr1_ThrClass1": 2147483647,
    "R_RSU_X_DV_Thr2_ThrClass1": 2147483647,
    "R_RSU_X_DV_Thr1_ThrClass2": 2147483647,
    "R_RSU_X_DV_Thr2_ThrClass2": 2147483647,
    "R_RSU_X_Acc_Thr1_bitword": 7,
    "R_RSU_X_Acc_Thr2_bitword": 7,
    "R_RSU_X_DV_Thr1_bitword": 7,
    "R_RSU_X_DV_Thr2_bitword": 7,
    "R_Allowed_path_in_backup_bitword": 255,
    "R_IRC1_SENSOR1_CHOICE": 255,
    "R_IRC2_SENSOR1_CHOICE": 255,
    "R_IRC1_SENSOR2_CHOICE": 255,
    "R_IRC2_SENSOR2_CHOICE": 255,
    "R_IRC1_STOPSENSOR_THR": 2147483647,
    "R_IRC2_STOPSENSOR_THR": 2147483647,
    "R_IRC1_THR": 2147483647,
    "R_IRC2_THR": 2147483647,
    "R_IRC1_PassThru_bitword": 255,
    "R_IRC2_PassThru_bitword": 255,
    "R_IRC1_Severity_1_bitword": 255,
    "R_IRC2_Severity_1_bitword": 255,
    "R_IRC1_Severity_2_bitword": 255,
    "R_IRC2_Severity_2_bitword": 255,
    "R_ANGLE_MIN_DENOMINATOR": 192,
    "R_ANGLE_THR1": 65535,
    "R_ANGLE_THR2": 65535,
    "R_ANGLE_PassThru_bitword": 255,
    "R_ANGLE_Thr1_bitword": 255,
    "R_ANGLE_Thr2_bitword": 255,
    "R_SIDE_IMMUNITY_LEFT_ALGO_INDEX": 2,
    "R_SIDE_IMMUNITY_RIGHT_ALGO_INDEX": 3,
    "R_SIDE_IMMUNITY_bitword_0": 255,
    "R_SIDE_IMMUNITY_bitword_1": 255,
    "R_CONFIRMATION_CENTRAL_X_ACC_THR": 192,
    "R_CONFIRMATION_RSU_X_ACC_THR": 512,
    "R_CONFIRMATION_CENTRAL_Y_ACC_THR": 128,
    "R_CONFIRMATION_RSU_ACC_THR": 192,
    "R_CONFIRMATION_SECONDARY_X_ACC_THR": 192,
    "R_CONFIRMATION_MASK1": 2,
    "R_CONFIRMATION_MASK2": 12
}