2025-12-30 11:33:33,649 INFO: Step 1: Converting CAL to params...
2025-12-30 11:33:33,672 INFO: Step 1 done in 0.02 s.
2025-12-30 11:33:33,673 INFO: Step 2: Setting up optimizer...
2025-12-30 11:33:33,732 INFO: Step 2 done in 0.06 s.
2025-12-30 11:33:33,733 INFO: Step 3: Starting optimization loop for 10 iterations...
2025-12-30 11:33:33,733 INFO: Iteration 1/10
2025-12-30 11:33:34,073 INFO:   Simulation: 0.34 s
2025-12-30 11:33:34,074 ERROR: Simulation failed: 
2025-12-30 11:33:34,074 INFO: Iteration 2/10
2025-12-30 11:33:34,420 INFO:   Simulation: 0.34 s
2025-12-30 11:33:34,423 ERROR: Simulation failed: 
2025-12-30 11:33:34,424 INFO: Iteration 3/10
2025-12-30 11:33:34,770 INFO:   Simulation: 0.35 s
2025-12-30 11:33:34,771 ERROR: Simulation failed: 
2025-12-30 11:33:34,771 INFO: Iteration 4/10
2025-12-30 11:33:35,089 INFO:   Simulation: 0.32 s
2025-12-30 11:33:35,090 ERROR: Simulation failed: 
2025-12-30 11:33:35,090 INFO: Iteration 5/10
2025-12-30 11:33:35,487 INFO:   Simulation: 0.40 s
2025-12-30 11:33:35,488 ERROR: Simulation failed: 
2025-12-30 11:33:35,488 INFO: Iteration 6/10
2025-12-30 11:33:35,743 INFO:   Simulation: 0.25 s
2025-12-30 11:33:35,743 ERROR: Simulation failed: 
2025-12-30 11:33:35,744 INFO: Iteration 7/10
2025-12-30 11:33:36,104 INFO:   Simulation: 0.36 s
2025-12-30 11:33:36,105 ERROR: Simulation failed: 
2025-12-30 11:33:36,106 INFO: Iteration 8/10
2025-12-30 11:33:36,393 INFO:   Simulation: 0.29 s
2025-12-30 11:33:36,394 ERROR: Simulation failed: 
2025-12-30 11:33:36,394 INFO: Iteration 9/10
2025-12-30 11:33:36,880 INFO:   Simulation: 0.49 s
2025-12-30 11:33:36,881 ERROR: Simulation failed: 
2025-12-30 11:33:36,882 INFO: Iteration 10/10
2025-12-30 11:33:37,204 INFO:   Simulation: 0.32 s
2025-12-30 11:33:37,204 ERROR: Simulation failed: 
2025-12-30 11:33:37,205 INFO: Optimization finished in 3.47 s.
2025-12-30 11:33:37,208 INFO: Total pipeline time: 3.56 s.
